<?xml version="1.0" encoding="UTF-8"?>
<testsuite xmlns:xsi="http://www.w3.org/2001/XMLSchema-instance" xsi:noNamespaceSchemaLocation="https://maven.apache.org/surefire/maven-surefire-plugin/xsd/surefire-test-report-3.0.xsd" version="3.0" name="com.example.geodevineur.GeoDevineurApplicationTests" time="2.054" tests="1" errors="0" skipped="0" failures="0">
  <properties>
[...]
</properties>
  <testcase name="contextLoads" classname="com.example.geodevineur.GeoDevineurApplicationTests" time="0.572">
    <system-out><![CDATA[15:52:06.796 [main] INFO org.springframework.test.context.support.AnnotationConfigContextLoaderUtils -- Could not detect default configuration classes for test class [com.example.geodevineur.GeoDevineurApplicationTests]: GeoDevineurApplicationTests does not declare any static, non-private, non-final, nested classes annotated with @Configuration.
15:52:06.855 [main] INFO org.springframework.boot.test.context.SpringBootTestContextBootstrapper -- Found @SpringBootConfiguration com.example.geodevineur.GeoDevineurApplication for test class com.example.geodevineur.GeoDevineurApplicationTests

  .   ____          _            __ _ _
 /\\ / ___'_ __ _ _(_)_ __  __ _ \ \ \ \
( ( )\___ | '_ | '_| | '_ \/ _` | \ \ \ \
 \\/  ___)| |_)| | | | | || (_| |  ) ) ) )
  '  |____| .__|_| |_|_| |_\__, | / / / /
 =========|_|==============|___/=/_/_/_/
 :: Spring Boot ::                (v3.1.4)

2023-10-20T15:52:07.142+02:00  INFO 104954 --- [           main] c.e.g.GeoDevineurApplicationTests        : Starting GeoDevineurApplicationTests using Java 21 with PID 104954 (started by cytech in /home/cytech/Desktop/JEE/GeoDevineur)
2023-10-20T15:52:07.143+02:00  INFO 104954 --- [           main] c.e.g.GeoDevineurApplicationTests        : No active profile set, falling back to 1 default profile: "default"
2023-10-20T15:52:07.628+02:00  INFO 104954 --- [           main] trationDelegate$BeanPostProcessorChecker : Bean 'org.springframework.ws.config.annotation.DelegatingWsConfiguration' of type [org.springframework.ws.config.annotation.DelegatingWsConfiguration$$SpringCGLIB$$0] is not eligible for getting processed by all BeanPostProcessors (for example: not eligible for auto-proxying)
2023-10-20T15:52:07.651+02:00  INFO 104954 --- [           main] .w.s.a.s.AnnotationActionEndpointMapping : Supporting [WS-Addressing August 2004, WS-Addressing 1.0]
2023-10-20T15:52:07.981+02:00  INFO 104954 --- [           main] o.s.b.a.w.s.WelcomePageHandlerMapping    : Adding welcome page: class path resource [static/index.html]
2023-10-20T15:52:08.120+02:00  INFO 104954 --- [           main] c.e.g.GeoDevineurApplicationTests        : Started GeoDevineurApplicationTests in 1.186 seconds (process running for 1.868)
]]></system-out>
    <system-err><![CDATA[WARNING: A Java agent has been loaded dynamically (/home/cytech/.m2/repository/net/bytebuddy/byte-buddy-agent/1.14.8/byte-buddy-agent-1.14.8.jar)
WARNING: If a serviceability tool is in use, please run with -XX:+EnableDynamicAgentLoading to hide this warning
WARNING: If a serviceability tool is not in use, please run with -Djdk.instrument.traceUsage for more information
WARNING: Dynamic loading of agents will be disallowed by default in a future release
]]></system-err>
  </testcase>
</testsuite>